TN:
SF:src\api\client.ts
FN:8,get
FN:11,(anonymous_1)
FN:167,(anonymous_2)
FN:168,(anonymous_3)
FN:169,(anonymous_4)
FN:170,(anonymous_5)
FN:171,(anonymous_6)
FN:172,(anonymous_7)
FN:175,(anonymous_8)
FN:176,(anonymous_9)
FN:178,(anonymous_10)
FN:179,(anonymous_11)
FN:181,(anonymous_12)
FN:184,(anonymous_13)
FN:185,(anonymous_14)
FN:186,(anonymous_15)
FN:187,(anonymous_16)
FN:188,(anonymous_17)
FN:189,(anonymous_18)
FN:192,(anonymous_19)
FN:195,(anonymous_20)
FN:196,(anonymous_21)
FNF:22
FNH:21
FNDA:27,get
FNDA:0,(anonymous_1)
FNDA:2,(anonymous_2)
FNDA:3,(anonymous_3)
FNDA:3,(anonymous_4)
FNDA:1,(anonymous_5)
FNDA:1,(anonymous_6)
FNDA:1,(anonymous_7)
FNDA:2,(anonymous_8)
FNDA:2,(anonymous_9)
FNDA:2,(anonymous_10)
FNDA:2,(anonymous_11)
FNDA:1,(anonymous_12)
FNDA:1,(anonymous_13)
FNDA:1,(anonymous_14)
FNDA:1,(anonymous_15)
FNDA:1,(anonymous_16)
FNDA:1,(anonymous_17)
FNDA:1,(anonymous_18)
FNDA:1,(anonymous_19)
FNDA:1,(anonymous_20)
FNDA:1,(anonymous_21)
DA:6,1
DA:9,27
DA:10,27
DA:11,4
DA:12,4
DA:14,23
DA:165,1
DA:167,2
DA:168,3
DA:169,3
DA:170,1
DA:172,1
DA:175,2
DA:177,2
DA:178,2
DA:180,2
DA:181,1
DA:184,1
DA:185,1
DA:186,1
DA:187,1
DA:188,1
DA:189,1
DA:192,1
DA:195,1
DA:196,1
LF:26
LH:26
BRDA:6,0,0,1
BRDA:6,0,1,0
BRDA:10,1,0,4
BRDA:10,1,1,23
BRDA:176,2,0,2
BRDA:180,3,0,1
BRDA:180,3,1,1
BRF:7
BRH:6
end_of_record
TN:
SF:src\components\ArrivalCard.tsx
FN:3,etaClass
FN:15,ArrivalCard
FNF:2
FNH:2
FNDA:10,etaClass
FNDA:10,ArrivalCard
DA:4,10
DA:5,8
DA:6,3
DA:7,1
DA:16,10
LF:5
LH:5
BRDA:4,0,0,2
BRDA:4,0,1,8
BRDA:5,1,0,5
BRDA:5,1,1,3
BRDA:6,2,0,2
BRDA:6,2,1,1
BRDA:15,3,0,10
BRDA:18,4,0,1
BRDA:18,4,1,9
BRDA:34,5,0,8
BRDA:34,5,1,2
BRF:11
BRH:11
end_of_record
TN:
SF:src\components\LocationConsentModal.tsx
FN:8,LocationConsentModal
FN:14,(anonymous_1)
FN:17,(anonymous_2)
FN:25,(anonymous_3)
FN:26,handleKey
FN:53,(anonymous_5)
FNF:6
FNH:6
FNDA:9,LocationConsentModal
FNDA:9,(anonymous_1)
FNDA:9,(anonymous_2)
FNDA:9,(anonymous_3)
FNDA:3,handleKey
FNDA:9,(anonymous_5)
DA:9,9
DA:10,9
DA:11,9
DA:14,9
DA:15,9
DA:16,9
DA:17,9
DA:18,9
DA:19,9
DA:25,9
DA:27,3
DA:28,1
DA:29,1
DA:31,2
DA:32,2
DA:37,2
DA:38,2
DA:39,2
DA:40,2
DA:41,1
DA:42,1
DA:43,1
DA:46,1
DA:47,1
DA:48,1
DA:52,9
DA:53,9
DA:56,9
LF:28
LH:28
BRDA:18,0,0,9
BRDA:18,0,1,0
BRDA:27,1,0,1
BRDA:27,1,1,2
BRDA:31,2,0,0
BRDA:31,2,1,2
BRDA:31,3,0,2
BRDA:31,3,1,2
BRDA:37,4,0,0
BRDA:37,4,1,2
BRDA:40,5,0,1
BRDA:40,5,1,1
BRDA:41,6,0,1
BRDA:41,6,1,0
BRDA:46,7,0,1
BRDA:46,7,1,0
BRF:16
BRH:11
end_of_record
TN:
SF:src\utils\distance.ts
FN:5,distanceLabel
FNF:1
FNH:1
FNDA:8,distanceLabel
DA:6,8
DA:7,4
LF:2
LH:2
BRDA:6,0,0,4
BRDA:6,0,1,4
BRF:2
BRH:2
end_of_record
TN:
SF:src\utils\settings.ts
FN:15,loadSettings
FN:23,saveSettings
FNF:2
FNH:2
FNDA:6,loadSettings
FNDA:3,saveSettings
DA:1,1
DA:9,1
DA:16,6
DA:17,6
DA:18,6
DA:20,4
DA:24,3
DA:25,3
LF:8
LH:8
BRDA:18,0,0,3
BRDA:18,0,1,3
BRF:2
BRH:2
end_of_record
